e:\programirane\zero\zero\debug\vc141.pdb
e:\programirane\zero\zero\debug\vc141.idb
e:\programirane\zero\zero\debug\projectilearrow.obj
e:\programirane\zero\zero\debug\projectile.obj
e:\programirane\zero\zero\debug\playingcharacter.obj
e:\programirane\zero\zero\debug\movingcharacter.obj
e:\programirane\zero\zero\debug\monsterwalkingsquare.obj
e:\programirane\zero\zero\debug\monsteroneeye.obj
e:\programirane\zero\zero\debug\monsterjelly.obj
e:\programirane\zero\zero\debug\monster.obj
e:\programirane\zero\zero\debug\menubutton.obj
e:\programirane\zero\zero\debug\menu.obj
e:\programirane\zero\zero\debug\mainmenu.obj
e:\programirane\zero\zero\debug\main.obj
e:\programirane\zero\zero\debug\health.obj
e:\programirane\zero\zero\debug\gameobject.obj
e:\programirane\zero\zero\debug\game.obj
e:\programirane\zero\zero\debug\finishedlevelscreen.obj
e:\programirane\zero\zero\debug\eventsholder.obj
e:\programirane\zero\zero\debug\endoflevel.obj
e:\programirane\zero\zero\debug\buttonhighlighter.obj
e:\programirane\zero\zero\debug\background.obj
e:\programirane\zero\zero\debug\zerocharacter.obj
e:\programirane\zero\zero\debug\weaponstar.obj
e:\programirane\zero\zero\debug\weaponfireball.obj
e:\programirane\zero\zero\debug\weaponbow.obj
e:\programirane\zero\zero\debug\weapon.obj
e:\programirane\zero\zero\debug\wall.obj
e:\programirane\zero\zero\debug\timer.obj
e:\programirane\zero\zero\debug\startscreen.obj
e:\programirane\zero\zero\debug\resourcesmanager.obj
e:\programirane\zero\zero\debug\projectilestar.obj
e:\programirane\zero\zero\debug\projectilefireball.obj
e:\programirane\zero\zero\debug\presskeyfullscreen.obj
e:\programirane\zero\zero\debug\gameoverscreen.obj
e:\programirane\zero\zero\debug\audioplayer.obj
e:\programirane\zero\zero\debug\finalscreen.obj
e:\programirane\zero\zero\debug\backgroundaudioplayer.obj
e:\programirane\zero\debug\zero.exe
e:\programirane\zero\debug\zero.ilk
e:\programirane\zero\debug\zero.pdb
e:\programirane\zero\zero\debug\finishedlevelscreen.obj.enc
e:\programirane\zero\zero\debug\game.obj.enc
e:\programirane\zero\zero\debug\menu.obj.enc
e:\programirane\zero\zero\debug\monster.new.obj.enc
e:\programirane\zero\zero\debug\zero.tlog\cl.command.1.tlog
e:\programirane\zero\zero\debug\zero.tlog\cl.read.1.tlog
e:\programirane\zero\zero\debug\zero.tlog\cl.write.1.tlog
e:\programirane\zero\zero\debug\zero.tlog\link.command.1.tlog
e:\programirane\zero\zero\debug\zero.tlog\link.read.1.tlog
e:\programirane\zero\zero\debug\zero.tlog\link.write.1.tlog
