e:\programirane\zero\zero\release\vc141.pdb
e:\programirane\zero\zero\release\monsteroneeye.obj
e:\programirane\zero\zero\release\monsterjelly.obj
e:\programirane\zero\zero\release\monster.obj
e:\programirane\zero\zero\release\menubutton.obj
e:\programirane\zero\zero\release\menu.obj
e:\programirane\zero\zero\release\mainmenu.obj
e:\programirane\zero\zero\release\main.obj
e:\programirane\zero\zero\release\health.obj
e:\programirane\zero\zero\release\gameoverscreen.obj
e:\programirane\zero\zero\release\gameobject.obj
e:\programirane\zero\zero\release\game.obj
e:\programirane\zero\zero\release\finishedlevelscreen.obj
e:\programirane\zero\zero\release\finalscreen.obj
e:\programirane\zero\zero\release\statemachine.obj
e:\programirane\zero\zero\release\leveltimer.obj
e:\programirane\zero\zero\release\filereadtools.obj
e:\programirane\zero\zero\release\endoflevel.obj
e:\programirane\zero\zero\release\buttonhighlighter.obj
e:\programirane\zero\zero\release\background.obj
e:\programirane\zero\zero\release\backgroundaudioplayer.obj
e:\programirane\zero\zero\release\zerocharacter.obj
e:\programirane\zero\zero\release\weaponstar.obj
e:\programirane\zero\zero\release\weaponfireball.obj
e:\programirane\zero\zero\release\weaponbow.obj
e:\programirane\zero\zero\release\weapon.obj
e:\programirane\zero\zero\release\wall.obj
e:\programirane\zero\zero\release\timer.obj
e:\programirane\zero\zero\release\startscreen.obj
e:\programirane\zero\zero\release\soundsplayer.obj
e:\programirane\zero\zero\release\resourcesmanager.obj
e:\programirane\zero\zero\release\projectilestar.obj
e:\programirane\zero\zero\release\projectilefireball.obj
e:\programirane\zero\zero\release\projectilearrow.obj
e:\programirane\zero\zero\release\projectile.obj
e:\programirane\zero\zero\release\presskeyfullscreen.obj
e:\programirane\zero\zero\release\playingcharacter.obj
e:\programirane\zero\zero\release\movingcharacter.obj
e:\programirane\zero\zero\release\monsterwalkingsquare.obj
e:\programirane\zero\zero\release\vc143.pdb
e:\programirane\zero\zero\release\levelheader.obj
e:\programirane\zero\zero\release\gameobjectsholder.obj
e:\programirane\zero\zero\release\savemenu.obj
e:\programirane\zero\release\zero.ipdb
e:\programirane\zero\release\zero.iobj
e:\programirane\zero\release\zero.exe
e:\programirane\zero\zero\release\zero.ipdb
e:\programirane\zero\zero\release\zero.iobj
e:\programirane\zero\release\zero.pdb
e:\programirane\zero\zero\release\zero.tlog\cl.command.1.tlog
e:\programirane\zero\zero\release\zero.tlog\cl.read.1.tlog
e:\programirane\zero\zero\release\zero.tlog\cl.write.1.tlog
e:\programirane\zero\zero\release\zero.tlog\link.command.1.tlog
e:\programirane\zero\zero\release\zero.tlog\link.read.1.tlog
e:\programirane\zero\zero\release\zero.tlog\link.write.1.tlog
e:\programirane\zero\zero\release\zero.tlog\link.write.2u.tlog
e:\programirane\zero\zero\release\zero.tlog\zero.write.1u.tlog
