  Background.cpp
  ButtonHighlighter.cpp
  EndOfLevel.cpp
  FinalScreen.cpp
  FinishedLevelScreen.cpp
  Game.cpp
  GameObject.cpp
E:\programirane\Zero\Zero\GameObject.cpp(50,53): warning C4244: 'argument': conversion from 'double' to 'float', possible loss of data
E:\programirane\Zero\Zero\GameObject.cpp(50,43): warning C4244: 'argument': conversion from 'double' to 'float', possible loss of data
E:\programirane\Zero\Zero\GameObject.cpp(108,53): warning C4244: 'argument': conversion from 'double' to 'float', possible loss of data
E:\programirane\Zero\Zero\GameObject.cpp(108,43): warning C4244: 'argument': conversion from 'double' to 'float', possible loss of data
E:\programirane\Zero\Zero\GameObject.cpp(140,16): warning C4244: 'initializing': conversion from 'double' to 'float', possible loss of data
E:\programirane\Zero\Zero\GameObject.cpp(141,16): warning C4244: 'initializing': conversion from 'double' to 'float', possible loss of data
E:\programirane\Zero\Zero\GameObject.cpp(158,12): warning C4244: 'argument': conversion from 'time_t' to 'unsigned int', possible loss of data
  GameOverScreen.cpp
  Health.cpp
  LevelHeader.cpp
E:\programirane\Zero\Zero\LevelHeader.cpp(9,46): warning C4244: 'argument': conversion from 'double' to 'float', possible loss of data
E:\programirane\Zero\Zero\LevelHeader.cpp(9,35): warning C4244: 'argument': conversion from 'double' to 'float', possible loss of data
E:\programirane\Zero\Zero\LevelHeader.cpp(12,47): warning C4244: 'argument': conversion from 'double' to 'float', possible loss of data
E:\programirane\Zero\Zero\LevelHeader.cpp(12,37): warning C4244: 'argument': conversion from 'double' to 'float', possible loss of data
E:\programirane\Zero\Zero\LevelHeader.cpp(47,24): warning C4244: 'argument': conversion from 'double' to 'unsigned int', possible loss of data
E:\programirane\Zero\Zero\LevelHeader.cpp(87,17): warning C4244: 'initializing': conversion from 'double' to 'int', possible loss of data
E:\programirane\Zero\Zero\LevelHeader.cpp(110,10): warning C4244: 'argument': conversion from 'double' to 'float', possible loss of data
E:\programirane\Zero\Zero\LevelHeader.cpp(109,13): warning C4244: 'argument': conversion from 'double' to 'float', possible loss of data
  MainMenu.cpp
  Menu.cpp
E:\programirane\Zero\Zero\Menu.cpp(80,26): warning C4018: '>=': signed/unsigned mismatch
  MenuButton.cpp
E:\programirane\Zero\Zero\MenuButton.cpp(54,26): warning C4244: 'argument': conversion from 'double' to 'unsigned int', possible loss of data
E:\programirane\Zero\Zero\MenuButton.cpp(60,27): warning C4244: 'argument': conversion from 'double' to 'float', possible loss of data
E:\programirane\Zero\Zero\MenuButton.cpp(60,21): warning C4244: 'argument': conversion from 'double' to 'float', possible loss of data
  Monster.cpp
E:\programirane\Zero\Zero\Monster.cpp(34,133): warning C4244: 'argument': conversion from 'const double' to 'T', possible loss of data
          with
          [
              T=float
          ]
E:\programirane\Zero\Zero\Monster.cpp(34,105): warning C4244: 'argument': conversion from 'const double' to 'T', possible loss of data
          with
          [
              T=float
          ]
E:\programirane\Zero\Zero\Monster.cpp(34,77): warning C4244: 'argument': conversion from 'const double' to 'T', possible loss of data
          with
          [
              T=float
          ]
E:\programirane\Zero\Zero\Monster.cpp(34,49): warning C4244: 'argument': conversion from 'const double' to 'T', possible loss of data
          with
          [
              T=float
          ]
E:\programirane\Zero\Zero\Monster.cpp(38,44): warning C4244: 'argument': conversion from 'T' to 'int', possible loss of data
          with
          [
              T=float
          ]
E:\programirane\Zero\Zero\Monster.cpp(38,29): warning C4244: 'argument': conversion from 'T' to 'int', possible loss of data
          with
          [
              T=float
          ]
E:\programirane\Zero\Zero\Monster.cpp(97,25): warning C4244: '=': conversion from 'double' to 'T', possible loss of data
          with
          [
              T=int
          ]
E:\programirane\Zero\Zero\Monster.cpp(98,25): warning C4244: '=': conversion from 'double' to 'T', possible loss of data
          with
          [
              T=int
          ]
  MonsterJelly.cpp
  MonsterOneEye.cpp
  MonsterWalkingSquare.cpp
  MovingCharacter.cpp
E:\programirane\Zero\Zero\MovingCharacter.cpp(199,51): warning C4244: 'argument': conversion from 'int' to 'T', possible loss of data
          with
          [
              T=float
          ]
  PlayingCharacter.cpp
  PressKeyFullScreen.cpp
  Compiling...
  Projectile.cpp
E:\programirane\Zero\Zero\Projectile.cpp(17,53): warning C4244: 'argument': conversion from 'double' to 'float', possible loss of data
  ProjectileArrow.cpp
  ProjectileFireball.cpp
  ProjectileStar.cpp
  ResourcesManager.cpp
E:\programirane\Zero\Zero\ResourcesManager.cpp(148,26): warning C4244: 'argument': conversion from 'double' to 'T', possible loss of data
          with
          [
              T=unsigned int
          ]
E:\programirane\Zero\Zero\ResourcesManager.cpp(147,26): warning C4244: 'argument': conversion from 'double' to 'T', possible loss of data
          with
          [
              T=unsigned int
          ]
E:\programirane\Zero\Zero\ResourcesManager.cpp(153,105): warning C4244: 'argument': conversion from 'double' to 'T', possible loss of data
          with
          [
              T=unsigned int
          ]
E:\programirane\Zero\Zero\ResourcesManager.cpp(153,60): warning C4244: 'argument': conversion from 'double' to 'T', possible loss of data
          with
          [
              T=unsigned int
          ]
E:\programirane\Zero\Zero\ResourcesManager.cpp(227,95): warning C4244: 'argument': conversion from 'T' to 'T', possible loss of data
          with
          [
              T=float
          ]
          and
          [
              T=unsigned int
          ]
E:\programirane\Zero\Zero\ResourcesManager.cpp(227,61): warning C4244: 'argument': conversion from 'T' to 'T', possible loss of data
          with
          [
              T=float
          ]
          and
          [
              T=unsigned int
          ]
E:\programirane\Zero\Zero\ResourcesManager.cpp(448,24): warning C4244: 'initializing': conversion from 'double' to 'int', possible loss of data
E:\programirane\Zero\Zero\ResourcesManager.cpp(581,48): warning C4244: '=': conversion from 'double' to 'T', possible loss of data
          with
          [
              T=float
          ]
E:\programirane\Zero\Zero\ResourcesManager.cpp(582,48): warning C4244: '=': conversion from 'double' to 'T', possible loss of data
          with
          [
              T=float
          ]
E:\programirane\Zero\Zero\ResourcesManager.cpp(588,86): warning C4244: 'argument': conversion from 'double' to 'T', possible loss of data
          with
          [
              T=float
          ]
E:\programirane\Zero\Zero\ResourcesManager.cpp(588,43): warning C4244: 'argument': conversion from 'double' to 'T', possible loss of data
          with
          [
              T=float
          ]
  SaveMenu.cpp
  SaveSlotButton.cpp
  StartScreen.cpp
  Wall.cpp
  Weapon.cpp
  WeaponBow.cpp
  WeaponFireball.cpp
  WeaponStar.cpp
  ZeroCharacter.cpp
E:\programirane\Zero\Zero\ZeroCharacter.cpp(13,18): warning C4244: 'initializing': conversion from 'double' to 'int', possible loss of data
E:\programirane\Zero\Zero\ZeroCharacter.cpp(201,12): warning C4244: 'argument': conversion from 'time_t' to 'unsigned int', possible loss of data
  main.cpp
  Generating code
  41 of 3379 functions ( 1.2%) were compiled, the rest were copied from previous compilation.
    12 functions were new in current compilation
    168 functions had inline decision re-evaluated but remain unchanged
  Finished generating code
  Zero.vcxproj -> E:\programirane\Zero\Release\Zero.exe
